<?xml version="1.0" encoding="UTF-8"?>
<testsuite xmlns:xsi="http://www.w3.org/2001/XMLSchema-instance" xsi:noNamespaceSchemaLocation="https://maven.apache.org/surefire/maven-surefire-plugin/xsd/surefire-test-report.xsd" name="com.minticiclo4.Reto2Ciclo4.Reto2ciclo4ApplicationTests" time="40.867" tests="1" errors="0" skipped="0" failures="0">
  <properties>
    <property name="sun.desktop" value="gnome"/>
    <property name="awt.toolkit" value="sun.awt.X11.XToolkit"/>
    <property name="java.specification.version" value="11"/>
    <property name="sun.cpu.isalist" value=""/>
    <property name="sun.jnu.encoding" value="UTF-8"/>
    <property name="java.class.path" value="/home/anima3d/NetBeansProjects/Reto2Ciclo4/target/test-classes:/home/anima3d/NetBeansProjects/Reto2Ciclo4/target/classes:/home/anima3d/.m2/repository/org/springframework/boot/spring-boot-starter-data-mongodb/2.6.1/spring-boot-starter-data-mongodb-2.6.1.jar:/home/anima3d/.m2/repository/org/springframework/boot/spring-boot-starter/2.6.1/spring-boot-starter-2.6.1.jar:/home/anima3d/.m2/repository/org/springframework/boot/spring-boot-starter-logging/2.6.1/spring-boot-starter-logging-2.6.1.jar:/home/anima3d/.m2/repository/ch/qos/logback/logback-classic/1.2.7/logback-classic-1.2.7.jar:/home/anima3d/.m2/repository/ch/qos/logback/logback-core/1.2.7/logback-core-1.2.7.jar:/home/anima3d/.m2/repository/org/apache/logging/log4j/log4j-to-slf4j/2.14.1/log4j-to-slf4j-2.14.1.jar:/home/anima3d/.m2/repository/org/apache/logging/log4j/log4j-api/2.14.1/log4j-api-2.14.1.jar:/home/anima3d/.m2/repository/org/slf4j/jul-to-slf4j/1.7.32/jul-to-slf4j-1.7.32.jar:/home/anima3d/.m2/repository/jakarta/annotation/jakarta.annotation-api/1.3.5/jakarta.annotation-api-1.3.5.jar:/home/anima3d/.m2/repository/org/yaml/snakeyaml/1.29/snakeyaml-1.29.jar:/home/anima3d/.m2/repository/org/mongodb/mongodb-driver-sync/4.4.0/mongodb-driver-sync-4.4.0.jar:/home/anima3d/.m2/repository/org/mongodb/bson/4.4.0/bson-4.4.0.jar:/home/anima3d/.m2/repository/org/mongodb/mongodb-driver-core/4.4.0/mongodb-driver-core-4.4.0.jar:/home/anima3d/.m2/repository/org/springframework/data/spring-data-mongodb/3.3.0/spring-data-mongodb-3.3.0.jar:/home/anima3d/.m2/repository/org/springframework/spring-tx/5.3.13/spring-tx-5.3.13.jar:/home/anima3d/.m2/repository/org/springframework/spring-context/5.3.13/spring-context-5.3.13.jar:/home/anima3d/.m2/repository/org/springframework/spring-beans/5.3.13/spring-beans-5.3.13.jar:/home/anima3d/.m2/repository/org/springframework/spring-expression/5.3.13/spring-expression-5.3.13.jar:/home/anima3d/.m2/repository/org/springframework/data/spring-data-commons/2.6.0/spring-data-commons-2.6.0.jar:/home/anima3d/.m2/repository/org/slf4j/slf4j-api/1.7.32/slf4j-api-1.7.32.jar:/home/anima3d/.m2/repository/org/springframework/boot/spring-boot-starter-web/2.6.1/spring-boot-starter-web-2.6.1.jar:/home/anima3d/.m2/repository/org/springframework/boot/spring-boot-starter-json/2.6.1/spring-boot-starter-json-2.6.1.jar:/home/anima3d/.m2/repository/com/fasterxml/jackson/core/jackson-databind/2.13.0/jackson-databind-2.13.0.jar:/home/anima3d/.m2/repository/com/fasterxml/jackson/core/jackson-annotations/2.13.0/jackson-annotations-2.13.0.jar:/home/anima3d/.m2/repository/com/fasterxml/jackson/core/jackson-core/2.13.0/jackson-core-2.13.0.jar:/home/anima3d/.m2/repository/com/fasterxml/jackson/datatype/jackson-datatype-jdk8/2.13.0/jackson-datatype-jdk8-2.13.0.jar:/home/anima3d/.m2/repository/com/fasterxml/jackson/datatype/jackson-datatype-jsr310/2.13.0/jackson-datatype-jsr310-2.13.0.jar:/home/anima3d/.m2/repository/com/fasterxml/jackson/module/jackson-module-parameter-names/2.13.0/jackson-module-parameter-names-2.13.0.jar:/home/anima3d/.m2/repository/org/springframework/boot/spring-boot-starter-tomcat/2.6.1/spring-boot-starter-tomcat-2.6.1.jar:/home/anima3d/.m2/repository/org/apache/tomcat/embed/tomcat-embed-core/9.0.55/tomcat-embed-core-9.0.55.jar:/home/anima3d/.m2/repository/org/apache/tomcat/embed/tomcat-embed-el/9.0.55/tomcat-embed-el-9.0.55.jar:/home/anima3d/.m2/repository/org/apache/tomcat/embed/tomcat-embed-websocket/9.0.55/tomcat-embed-websocket-9.0.55.jar:/home/anima3d/.m2/repository/org/springframework/spring-web/5.3.13/spring-web-5.3.13.jar:/home/anima3d/.m2/repository/org/springframework/spring-webmvc/5.3.13/spring-webmvc-5.3.13.jar:/home/anima3d/.m2/repository/org/springframework/spring-aop/5.3.13/spring-aop-5.3.13.jar:/home/anima3d/.m2/repository/org/springframework/boot/spring-boot-devtools/2.6.1/spring-boot-devtools-2.6.1.jar:/home/anima3d/.m2/repository/org/springframework/boot/spring-boot/2.6.1/spring-boot-2.6.1.jar:/home/anima3d/.m2/repository/org/springframework/boot/spring-boot-autoconfigure/2.6.1/spring-boot-autoconfigure-2.6.1.jar:/home/anima3d/.m2/repository/org/projectlombok/lombok/1.18.22/lombok-1.18.22.jar:/home/anima3d/.m2/repository/org/springframework/boot/spring-boot-starter-test/2.6.1/spring-boot-starter-test-2.6.1.jar:/home/anima3d/.m2/repository/org/springframework/boot/spring-boot-test/2.6.1/spring-boot-test-2.6.1.jar:/home/anima3d/.m2/repository/org/springframework/boot/spring-boot-test-autoconfigure/2.6.1/spring-boot-test-autoconfigure-2.6.1.jar:/home/anima3d/.m2/repository/com/jayway/jsonpath/json-path/2.6.0/json-path-2.6.0.jar:/home/anima3d/.m2/repository/net/minidev/json-smart/2.4.7/json-smart-2.4.7.jar:/home/anima3d/.m2/repository/net/minidev/accessors-smart/2.4.7/accessors-smart-2.4.7.jar:/home/anima3d/.m2/repository/org/ow2/asm/asm/9.1/asm-9.1.jar:/home/anima3d/.m2/repository/jakarta/xml/bind/jakarta.xml.bind-api/2.3.3/jakarta.xml.bind-api-2.3.3.jar:/home/anima3d/.m2/repository/jakarta/activation/jakarta.activation-api/1.2.2/jakarta.activation-api-1.2.2.jar:/home/anima3d/.m2/repository/org/assertj/assertj-core/3.21.0/assertj-core-3.21.0.jar:/home/anima3d/.m2/repository/org/hamcrest/hamcrest/2.2/hamcrest-2.2.jar:/home/anima3d/.m2/repository/org/junit/jupiter/junit-jupiter/5.8.1/junit-jupiter-5.8.1.jar:/home/anima3d/.m2/repository/org/junit/jupiter/junit-jupiter-api/5.8.1/junit-jupiter-api-5.8.1.jar:/home/anima3d/.m2/repository/org/opentest4j/opentest4j/1.2.0/opentest4j-1.2.0.jar:/home/anima3d/.m2/repository/org/junit/platform/junit-platform-commons/1.8.1/junit-platform-commons-1.8.1.jar:/home/anima3d/.m2/repository/org/apiguardian/apiguardian-api/1.1.2/apiguardian-api-1.1.2.jar:/home/anima3d/.m2/repository/org/junit/jupiter/junit-jupiter-params/5.8.1/junit-jupiter-params-5.8.1.jar:/home/anima3d/.m2/repository/org/junit/jupiter/junit-jupiter-engine/5.8.1/junit-jupiter-engine-5.8.1.jar:/home/anima3d/.m2/repository/org/junit/platform/junit-platform-engine/1.8.1/junit-platform-engine-1.8.1.jar:/home/anima3d/.m2/repository/org/mockito/mockito-core/4.0.0/mockito-core-4.0.0.jar:/home/anima3d/.m2/repository/net/bytebuddy/byte-buddy/1.11.22/byte-buddy-1.11.22.jar:/home/anima3d/.m2/repository/net/bytebuddy/byte-buddy-agent/1.11.22/byte-buddy-agent-1.11.22.jar:/home/anima3d/.m2/repository/org/objenesis/objenesis/3.2/objenesis-3.2.jar:/home/anima3d/.m2/repository/org/mockito/mockito-junit-jupiter/4.0.0/mockito-junit-jupiter-4.0.0.jar:/home/anima3d/.m2/repository/org/skyscreamer/jsonassert/1.5.0/jsonassert-1.5.0.jar:/home/anima3d/.m2/repository/com/vaadin/external/google/android-json/0.0.20131108.vaadin1/android-json-0.0.20131108.vaadin1.jar:/home/anima3d/.m2/repository/org/springframework/spring-core/5.3.13/spring-core-5.3.13.jar:/home/anima3d/.m2/repository/org/springframework/spring-jcl/5.3.13/spring-jcl-5.3.13.jar:/home/anima3d/.m2/repository/org/springframework/spring-test/5.3.13/spring-test-5.3.13.jar:/home/anima3d/.m2/repository/org/xmlunit/xmlunit-core/2.8.3/xmlunit-core-2.8.3.jar:"/>
    <property name="java.vm.vendor" value="Flathub"/>
    <property name="sun.arch.data.model" value="64"/>
    <property name="java.vendor.url" value="https://flathub.org"/>
    <property name="user.timezone" value=""/>
    <property name="java.vm.specification.version" value="11"/>
    <property name="os.name" value="Linux"/>
    <property name="user.country" value="CO"/>
    <property name="sun.java.launcher" value="SUN_STANDARD"/>
    <property name="sun.boot.library.path" value="/app/jdk/lib"/>
    <property name="sun.java.command" value="/home/anima3d/NetBeansProjects/Reto2Ciclo4/target/surefire/surefirebooter1379094620647503242.jar /home/anima3d/NetBeansProjects/Reto2Ciclo4/target/surefire 2021-12-20T19-15-45_150-jvmRun1 surefire8931573729380698302tmp surefire_011285979182739336016tmp"/>
    <property name="jdk.debug" value="release"/>
    <property name="surefire.test.class.path" value="/home/anima3d/NetBeansProjects/Reto2Ciclo4/target/test-classes:/home/anima3d/NetBeansProjects/Reto2Ciclo4/target/classes:/home/anima3d/.m2/repository/org/springframework/boot/spring-boot-starter-data-mongodb/2.6.1/spring-boot-starter-data-mongodb-2.6.1.jar:/home/anima3d/.m2/repository/org/springframework/boot/spring-boot-starter/2.6.1/spring-boot-starter-2.6.1.jar:/home/anima3d/.m2/repository/org/springframework/boot/spring-boot-starter-logging/2.6.1/spring-boot-starter-logging-2.6.1.jar:/home/anima3d/.m2/repository/ch/qos/logback/logback-classic/1.2.7/logback-classic-1.2.7.jar:/home/anima3d/.m2/repository/ch/qos/logback/logback-core/1.2.7/logback-core-1.2.7.jar:/home/anima3d/.m2/repository/org/apache/logging/log4j/log4j-to-slf4j/2.14.1/log4j-to-slf4j-2.14.1.jar:/home/anima3d/.m2/repository/org/apache/logging/log4j/log4j-api/2.14.1/log4j-api-2.14.1.jar:/home/anima3d/.m2/repository/org/slf4j/jul-to-slf4j/1.7.32/jul-to-slf4j-1.7.32.jar:/home/anima3d/.m2/repository/jakarta/annotation/jakarta.annotation-api/1.3.5/jakarta.annotation-api-1.3.5.jar:/home/anima3d/.m2/repository/org/yaml/snakeyaml/1.29/snakeyaml-1.29.jar:/home/anima3d/.m2/repository/org/mongodb/mongodb-driver-sync/4.4.0/mongodb-driver-sync-4.4.0.jar:/home/anima3d/.m2/repository/org/mongodb/bson/4.4.0/bson-4.4.0.jar:/home/anima3d/.m2/repository/org/mongodb/mongodb-driver-core/4.4.0/mongodb-driver-core-4.4.0.jar:/home/anima3d/.m2/repository/org/springframework/data/spring-data-mongodb/3.3.0/spring-data-mongodb-3.3.0.jar:/home/anima3d/.m2/repository/org/springframework/spring-tx/5.3.13/spring-tx-5.3.13.jar:/home/anima3d/.m2/repository/org/springframework/spring-context/5.3.13/spring-context-5.3.13.jar:/home/anima3d/.m2/repository/org/springframework/spring-beans/5.3.13/spring-beans-5.3.13.jar:/home/anima3d/.m2/repository/org/springframework/spring-expression/5.3.13/spring-expression-5.3.13.jar:/home/anima3d/.m2/repository/org/springframework/data/spring-data-commons/2.6.0/spring-data-commons-2.6.0.jar:/home/anima3d/.m2/repository/org/slf4j/slf4j-api/1.7.32/slf4j-api-1.7.32.jar:/home/anima3d/.m2/repository/org/springframework/boot/spring-boot-starter-web/2.6.1/spring-boot-starter-web-2.6.1.jar:/home/anima3d/.m2/repository/org/springframework/boot/spring-boot-starter-json/2.6.1/spring-boot-starter-json-2.6.1.jar:/home/anima3d/.m2/repository/com/fasterxml/jackson/core/jackson-databind/2.13.0/jackson-databind-2.13.0.jar:/home/anima3d/.m2/repository/com/fasterxml/jackson/core/jackson-annotations/2.13.0/jackson-annotations-2.13.0.jar:/home/anima3d/.m2/repository/com/fasterxml/jackson/core/jackson-core/2.13.0/jackson-core-2.13.0.jar:/home/anima3d/.m2/repository/com/fasterxml/jackson/datatype/jackson-datatype-jdk8/2.13.0/jackson-datatype-jdk8-2.13.0.jar:/home/anima3d/.m2/repository/com/fasterxml/jackson/datatype/jackson-datatype-jsr310/2.13.0/jackson-datatype-jsr310-2.13.0.jar:/home/anima3d/.m2/repository/com/fasterxml/jackson/module/jackson-module-parameter-names/2.13.0/jackson-module-parameter-names-2.13.0.jar:/home/anima3d/.m2/repository/org/springframework/boot/spring-boot-starter-tomcat/2.6.1/spring-boot-starter-tomcat-2.6.1.jar:/home/anima3d/.m2/repository/org/apache/tomcat/embed/tomcat-embed-core/9.0.55/tomcat-embed-core-9.0.55.jar:/home/anima3d/.m2/repository/org/apache/tomcat/embed/tomcat-embed-el/9.0.55/tomcat-embed-el-9.0.55.jar:/home/anima3d/.m2/repository/org/apache/tomcat/embed/tomcat-embed-websocket/9.0.55/tomcat-embed-websocket-9.0.55.jar:/home/anima3d/.m2/repository/org/springframework/spring-web/5.3.13/spring-web-5.3.13.jar:/home/anima3d/.m2/repository/org/springframework/spring-webmvc/5.3.13/spring-webmvc-5.3.13.jar:/home/anima3d/.m2/repository/org/springframework/spring-aop/5.3.13/spring-aop-5.3.13.jar:/home/anima3d/.m2/repository/org/springframework/boot/spring-boot-devtools/2.6.1/spring-boot-devtools-2.6.1.jar:/home/anima3d/.m2/repository/org/springframework/boot/spring-boot/2.6.1/spring-boot-2.6.1.jar:/home/anima3d/.m2/repository/org/springframework/boot/spring-boot-autoconfigure/2.6.1/spring-boot-autoconfigure-2.6.1.jar:/home/anima3d/.m2/repository/org/projectlombok/lombok/1.18.22/lombok-1.18.22.jar:/home/anima3d/.m2/repository/org/springframework/boot/spring-boot-starter-test/2.6.1/spring-boot-starter-test-2.6.1.jar:/home/anima3d/.m2/repository/org/springframework/boot/spring-boot-test/2.6.1/spring-boot-test-2.6.1.jar:/home/anima3d/.m2/repository/org/springframework/boot/spring-boot-test-autoconfigure/2.6.1/spring-boot-test-autoconfigure-2.6.1.jar:/home/anima3d/.m2/repository/com/jayway/jsonpath/json-path/2.6.0/json-path-2.6.0.jar:/home/anima3d/.m2/repository/net/minidev/json-smart/2.4.7/json-smart-2.4.7.jar:/home/anima3d/.m2/repository/net/minidev/accessors-smart/2.4.7/accessors-smart-2.4.7.jar:/home/anima3d/.m2/repository/org/ow2/asm/asm/9.1/asm-9.1.jar:/home/anima3d/.m2/repository/jakarta/xml/bind/jakarta.xml.bind-api/2.3.3/jakarta.xml.bind-api-2.3.3.jar:/home/anima3d/.m2/repository/jakarta/activation/jakarta.activation-api/1.2.2/jakarta.activation-api-1.2.2.jar:/home/anima3d/.m2/repository/org/assertj/assertj-core/3.21.0/assertj-core-3.21.0.jar:/home/anima3d/.m2/repository/org/hamcrest/hamcrest/2.2/hamcrest-2.2.jar:/home/anima3d/.m2/repository/org/junit/jupiter/junit-jupiter/5.8.1/junit-jupiter-5.8.1.jar:/home/anima3d/.m2/repository/org/junit/jupiter/junit-jupiter-api/5.8.1/junit-jupiter-api-5.8.1.jar:/home/anima3d/.m2/repository/org/opentest4j/opentest4j/1.2.0/opentest4j-1.2.0.jar:/home/anima3d/.m2/repository/org/junit/platform/junit-platform-commons/1.8.1/junit-platform-commons-1.8.1.jar:/home/anima3d/.m2/repository/org/apiguardian/apiguardian-api/1.1.2/apiguardian-api-1.1.2.jar:/home/anima3d/.m2/repository/org/junit/jupiter/junit-jupiter-params/5.8.1/junit-jupiter-params-5.8.1.jar:/home/anima3d/.m2/repository/org/junit/jupiter/junit-jupiter-engine/5.8.1/junit-jupiter-engine-5.8.1.jar:/home/anima3d/.m2/repository/org/junit/platform/junit-platform-engine/1.8.1/junit-platform-engine-1.8.1.jar:/home/anima3d/.m2/repository/org/mockito/mockito-core/4.0.0/mockito-core-4.0.0.jar:/home/anima3d/.m2/repository/net/bytebuddy/byte-buddy/1.11.22/byte-buddy-1.11.22.jar:/home/anima3d/.m2/repository/net/bytebuddy/byte-buddy-agent/1.11.22/byte-buddy-agent-1.11.22.jar:/home/anima3d/.m2/repository/org/objenesis/objenesis/3.2/objenesis-3.2.jar:/home/anima3d/.m2/repository/org/mockito/mockito-junit-jupiter/4.0.0/mockito-junit-jupiter-4.0.0.jar:/home/anima3d/.m2/repository/org/skyscreamer/jsonassert/1.5.0/jsonassert-1.5.0.jar:/home/anima3d/.m2/repository/com/vaadin/external/google/android-json/0.0.20131108.vaadin1/android-json-0.0.20131108.vaadin1.jar:/home/anima3d/.m2/repository/org/springframework/spring-core/5.3.13/spring-core-5.3.13.jar:/home/anima3d/.m2/repository/org/springframework/spring-jcl/5.3.13/spring-jcl-5.3.13.jar:/home/anima3d/.m2/repository/org/springframework/spring-test/5.3.13/spring-test-5.3.13.jar:/home/anima3d/.m2/repository/org/xmlunit/xmlunit-core/2.8.3/xmlunit-core-2.8.3.jar:"/>
    <property name="sun.cpu.endian" value="little"/>
    <property name="user.home" value="/home/anima3d"/>
    <property name="user.language" value="es"/>
    <property name="java.specification.vendor" value="Oracle Corporation"/>
    <property name="java.version.date" value="2021-07-20"/>
    <property name="java.home" value="/app/jdk"/>
    <property name="file.separator" value="/"/>
    <property name="basedir" value="/home/anima3d/NetBeansProjects/Reto2Ciclo4"/>
    <property name="java.vm.compressedOopsMode" value="32-bit"/>
    <property name="line.separator" value="&#10;"/>
    <property name="java.specification.name" value="Java Platform API Specification"/>
    <property name="java.vm.specification.vendor" value="Oracle Corporation"/>
    <property name="java.awt.graphicsenv" value="sun.awt.X11GraphicsEnvironment"/>
    <property name="surefire.real.class.path" value="/home/anima3d/NetBeansProjects/Reto2Ciclo4/target/surefire/surefirebooter1379094620647503242.jar"/>
    <property name="sun.management.compiler" value="HotSpot 64-Bit Tiered Compilers"/>
    <property name="java.runtime.version" value="11.0.12+7"/>
    <property name="user.name" value="anima3d"/>
    <property name="path.separator" value=":"/>
    <property name="os.version" value="5.4.0-91-generic"/>
    <property name="java.runtime.name" value="OpenJDK Runtime Environment"/>
    <property name="file.encoding" value="UTF-8"/>
    <property name="java.vm.name" value="OpenJDK 64-Bit Server VM"/>
    <property name="java.vendor.version" value="18.9"/>
    <property name="maven.ext.class.path" value="/app/netbeans/java/maven-nblib/netbeans-eventspy.jar"/>
    <property name="localRepository" value="/home/anima3d/.m2/repository"/>
    <property name="java.vendor.url.bug" value="https://bugreport.java.com/bugreport/"/>
    <property name="java.io.tmpdir" value="/tmp"/>
    <property name="java.version" value="11.0.12"/>
    <property name="user.dir" value="/home/anima3d/NetBeansProjects/Reto2Ciclo4"/>
    <property name="os.arch" value="amd64"/>
    <property name="java.vm.specification.name" value="Java Virtual Machine Specification"/>
    <property name="java.awt.printerjob" value="sun.print.PSPrinterJob"/>
    <property name="sun.os.patch.level" value="unknown"/>
    <property name="java.library.path" value="/usr/java/packages/lib:/usr/lib64:/lib64:/lib:/usr/lib"/>
    <property name="java.vm.info" value="mixed mode"/>
    <property name="java.vendor" value="Flathub"/>
    <property name="java.vm.version" value="11.0.12+7"/>
    <property name="sun.io.unicode.encoding" value="UnicodeLittle"/>
    <property name="java.class.version" value="55.0"/>
  </properties>
  <testcase name="contextLoads" classname="com.minticiclo4.Reto2Ciclo4.Reto2ciclo4ApplicationTests" time="16.286"/>
</testsuite>